2021-05-10 18:49:33.342 [background-preinit] INFO  org.hibernate.validator.internal.util.Version - HV000001: Hibernate Validator 6.1.6.Final
2021-05-10 18:49:33.351 [main] INFO  x.aiinirii.carboninfosys.CarbonInfoSysApplication - Starting CarbonInfoSysApplication using Java 1.8.0_202 on DESKTOP-93L9DJF with PID 86028 (E:\code\IdeaProjects\CarbonInfoSys\carboninfosys-main\target\classes started by 87702 in E:\code\IdeaProjects\CarbonInfoSys)
2021-05-10 18:49:33.352 [main] INFO  x.aiinirii.carboninfosys.CarbonInfoSysApplication - No active profile set, falling back to default profiles: default
2021-05-10 18:49:35.447 [main] INFO  org.apache.coyote.http11.Http11NioProtocol - Initializing ProtocolHandler ["http-nio-8080"]
2021-05-10 18:49:35.449 [main] INFO  org.apache.catalina.core.StandardService - Starting service [Tomcat]
2021-05-10 18:49:35.449 [main] INFO  org.apache.catalina.core.StandardEngine - Starting Servlet engine: [Apache Tomcat/9.0.39]
2021-05-10 18:49:35.450 [main] INFO  org.apache.catalina.core.AprLifecycleListener - Loaded Apache Tomcat Native library [1.2.24] using APR version [1.7.0].
2021-05-10 18:49:35.450 [main] INFO  org.apache.catalina.core.AprLifecycleListener - APR capabilities: IPv6 [true], sendfile [true], accept filters [false], random [true].
2021-05-10 18:49:35.450 [main] INFO  org.apache.catalina.core.AprLifecycleListener - APR/OpenSSL configuration: useAprConnector [false], useOpenSSL [true]
2021-05-10 18:49:35.473 [main] INFO  org.apache.catalina.core.AprLifecycleListener - OpenSSL successfully initialized [OpenSSL 1.1.1g  21 Apr 2020]
2021-05-10 18:49:35.569 [main] INFO  o.a.c.core.ContainerBase.[Tomcat].[localhost].[/] - Initializing Spring embedded WebApplicationContext
2021-05-10 18:49:35.849 [main] INFO  c.a.d.s.b.a.DruidDataSourceAutoConfigure - Init DruidDataSource
2021-05-10 18:49:37.763 [main] INFO  com.alibaba.druid.pool.DruidDataSource - {dataSource-1} inited
2021-05-10 18:49:39.355 [main] INFO  s.d.s.w.PropertySourcedRequestMappingHandlerMapping - Mapped URL path [/v2/api-docs] onto method [springfox.documentation.swagger2.web.Swagger2Controller#getDocumentation(String, HttpServletRequest)]
2021-05-10 18:49:39.957 [main] INFO  org.apache.coyote.http11.Http11NioProtocol - Starting ProtocolHandler ["http-nio-8080"]
2021-05-10 18:49:40.144 [main] INFO  s.d.s.web.plugins.DocumentationPluginsBootstrapper - Context refreshed
2021-05-10 18:49:40.155 [main] INFO  s.d.s.web.plugins.DocumentationPluginsBootstrapper - Found 1 custom documentation plugin(s)
2021-05-10 18:49:40.193 [main] INFO  s.d.spring.web.scanners.ApiListingReferenceScanner - Scanning for api listing references
2021-05-10 18:49:40.332 [main] INFO  s.d.s.w.r.operation.CachingOperationNameGenerator - Generating unique operation named: exportExcelUsingGET_1
2021-05-10 18:49:40.359 [main] INFO  s.d.s.w.r.operation.CachingOperationNameGenerator - Generating unique operation named: exportExcelUsingGET_2
2021-05-10 18:49:40.373 [main] INFO  s.d.s.w.r.operation.CachingOperationNameGenerator - Generating unique operation named: exportExcelUsingGET_3
2021-05-10 18:49:40.425 [main] INFO  x.aiinirii.carboninfosys.CarbonInfoSysApplication - Started CarbonInfoSysApplication in 7.79 seconds (JVM running for 9.565)
2021-05-10 18:49:41.723 [RMI TCP Connection(7)-172.31.48.1] INFO  o.a.c.core.ContainerBase.[Tomcat].[localhost].[/] - Initializing Spring DispatcherServlet 'dispatcherServlet'
2021-05-10 18:50:19.225 [http-nio-8080-exec-1] INFO  org.apache.tomcat.util.http.parser.Cookie - A cookie header was received [1619405191,1620439004,1620611462; _gid=GA1.1.1915573455.1620611463] that contained an invalid cookie. That cookie will be ignored.
 Note: further occurrences of this error will be logged at DEBUG level.
2021-05-10 18:51:30.500 [http-nio-8080-exec-8] INFO  x.aiinirii.carboninfosys.controller.UserController - login user: UserLoginParam(username=admin, password=admin)
2021-05-10 18:51:30.705 [http-nio-8080-exec-6] INFO  x.a.c.s.component.JwtAuthenticationTokenFilter - checking username:admin
2021-05-10 18:51:30.714 [http-nio-8080-exec-6] INFO  x.a.c.s.component.JwtAuthenticationTokenFilter - authenticated user:admin
2021-05-10 18:51:30.743 [http-nio-8080-exec-10] INFO  x.a.c.s.component.JwtAuthenticationTokenFilter - checking username:admin
2021-05-10 18:51:30.754 [http-nio-8080-exec-10] INFO  x.a.c.s.component.JwtAuthenticationTokenFilter - authenticated user:admin
2021-05-10 19:02:23.440 [http-nio-8080-exec-2] INFO  x.a.c.s.component.JwtAuthenticationTokenFilter - checking username:admin
2021-05-10 19:02:30.161 [http-nio-8080-exec-3] INFO  x.aiinirii.carboninfosys.controller.UserController - login user: UserLoginParam(username=admin, password=admin)
2021-05-10 19:02:36.377 [http-nio-8080-exec-4] INFO  x.aiinirii.carboninfosys.controller.UserController - login user: UserLoginParam(username=admin, password=admin)
2021-05-10 19:02:42.389 [lettuce-eventExecutorLoop-1-10] INFO  io.lettuce.core.protocol.ConnectionWatchdog - Reconnecting, last destination was /8.140.159.241:6379
2021-05-10 19:02:42.415 [lettuce-nioEventLoop-4-3] INFO  io.lettuce.core.protocol.ReconnectionHandler - Reconnected to 8.140.159.241:6379
2021-05-10 19:02:51.474 [http-nio-8080-exec-5] INFO  x.aiinirii.carboninfosys.controller.UserController - login user: UserLoginParam(username=admin, password=admin)
2021-05-10 19:02:51.590 [http-nio-8080-exec-8] INFO  x.a.c.s.component.JwtAuthenticationTokenFilter - checking username:admin
2021-05-10 19:02:51.599 [http-nio-8080-exec-8] INFO  x.a.c.s.component.JwtAuthenticationTokenFilter - authenticated user:admin
2021-05-10 19:02:51.616 [http-nio-8080-exec-7] INFO  x.a.c.s.component.JwtAuthenticationTokenFilter - checking username:admin
2021-05-10 19:02:51.625 [http-nio-8080-exec-7] INFO  x.a.c.s.component.JwtAuthenticationTokenFilter - authenticated user:admin
2021-05-10 19:14:16.806 [http-nio-8080-exec-9] INFO  x.a.c.s.component.JwtAuthenticationTokenFilter - checking username:admin
2021-05-10 19:14:22.969 [http-nio-8080-exec-10] INFO  x.aiinirii.carboninfosys.controller.UserController - login user: UserLoginParam(username=admin, password=admin)
2021-05-10 19:14:34.914 [http-nio-8080-exec-1] INFO  x.aiinirii.carboninfosys.controller.UserController - login user: UserLoginParam(username=admin, password=admin)
2021-05-10 19:14:35.790 [lettuce-eventExecutorLoop-1-6] INFO  io.lettuce.core.protocol.ConnectionWatchdog - Reconnecting, last destination was /8.140.159.241:6379
2021-05-10 19:14:35.812 [lettuce-nioEventLoop-4-4] INFO  io.lettuce.core.protocol.ReconnectionHandler - Reconnected to 8.140.159.241:6379
2021-05-10 19:14:35.915 [http-nio-8080-exec-2] INFO  x.a.c.s.component.JwtAuthenticationTokenFilter - checking username:admin
2021-05-10 19:14:35.923 [http-nio-8080-exec-2] INFO  x.a.c.s.component.JwtAuthenticationTokenFilter - authenticated user:admin
2021-05-10 19:14:35.942 [http-nio-8080-exec-3] INFO  x.a.c.s.component.JwtAuthenticationTokenFilter - checking username:admin
2021-05-10 19:14:35.951 [http-nio-8080-exec-3] INFO  x.a.c.s.component.JwtAuthenticationTokenFilter - authenticated user:admin
2021-05-10 19:17:38.847 [http-nio-8080-exec-5] INFO  x.a.c.s.component.JwtAuthenticationTokenFilter - checking username:admin
2021-05-10 19:17:38.858 [http-nio-8080-exec-5] INFO  x.a.c.s.component.JwtAuthenticationTokenFilter - authenticated user:admin
2021-05-10 19:17:38.933 [http-nio-8080-exec-8] INFO  x.a.c.s.component.JwtAuthenticationTokenFilter - checking username:admin
2021-05-10 19:17:38.945 [http-nio-8080-exec-8] INFO  x.a.c.s.component.JwtAuthenticationTokenFilter - authenticated user:admin
2021-05-10 19:19:18.878 [http-nio-8080-exec-6] INFO  x.a.c.s.component.JwtAuthenticationTokenFilter - checking username:admin
2021-05-10 19:19:18.888 [http-nio-8080-exec-6] INFO  x.a.c.s.component.JwtAuthenticationTokenFilter - authenticated user:admin
2021-05-10 19:19:18.973 [http-nio-8080-exec-9] INFO  x.a.c.s.component.JwtAuthenticationTokenFilter - checking username:admin
2021-05-10 19:19:18.983 [http-nio-8080-exec-9] INFO  x.a.c.s.component.JwtAuthenticationTokenFilter - authenticated user:admin
2021-05-10 19:21:42.545 [http-nio-8080-exec-2] INFO  x.a.c.s.component.JwtAuthenticationTokenFilter - checking username:admin
2021-05-10 19:21:42.554 [http-nio-8080-exec-2] INFO  x.a.c.s.component.JwtAuthenticationTokenFilter - authenticated user:admin
2021-05-10 19:21:42.597 [http-nio-8080-exec-4] INFO  x.a.c.s.component.JwtAuthenticationTokenFilter - checking username:admin
2021-05-10 19:21:42.605 [http-nio-8080-exec-4] INFO  x.a.c.s.component.JwtAuthenticationTokenFilter - authenticated user:admin
2021-05-10 19:24:52.972 [http-nio-8080-exec-8] INFO  x.a.c.s.component.JwtAuthenticationTokenFilter - checking username:admin
2021-05-10 19:24:52.982 [http-nio-8080-exec-8] INFO  x.a.c.s.component.JwtAuthenticationTokenFilter - authenticated user:admin
2021-05-10 19:24:53.042 [http-nio-8080-exec-7] INFO  x.a.c.s.component.JwtAuthenticationTokenFilter - checking username:admin
2021-05-10 19:24:53.050 [http-nio-8080-exec-7] INFO  x.a.c.s.component.JwtAuthenticationTokenFilter - authenticated user:admin
2021-05-10 19:26:06.684 [http-nio-8080-exec-9] INFO  x.a.c.s.component.JwtAuthenticationTokenFilter - checking username:admin
2021-05-10 19:26:06.694 [http-nio-8080-exec-9] INFO  x.a.c.s.component.JwtAuthenticationTokenFilter - authenticated user:admin
2021-05-10 19:26:06.764 [http-nio-8080-exec-10] INFO  x.a.c.s.component.JwtAuthenticationTokenFilter - checking username:admin
2021-05-10 19:26:06.774 [http-nio-8080-exec-10] INFO  x.a.c.s.component.JwtAuthenticationTokenFilter - authenticated user:admin
2021-05-10 19:30:43.637 [http-nio-8080-exec-2] INFO  x.a.c.s.component.JwtAuthenticationTokenFilter - checking username:admin
2021-05-10 19:30:52.381 [http-nio-8080-exec-4] INFO  x.aiinirii.carboninfosys.controller.UserController - login user: UserLoginParam(username=admin, password=admin)
2021-05-10 19:31:02.687 [lettuce-eventExecutorLoop-1-3] INFO  io.lettuce.core.protocol.ConnectionWatchdog - Reconnecting, last destination was /8.140.159.241:6379
2021-05-10 19:31:02.709 [lettuce-nioEventLoop-4-5] INFO  io.lettuce.core.protocol.ReconnectionHandler - Reconnected to 8.140.159.241:6379
2021-05-10 19:31:11.632 [http-nio-8080-exec-5] INFO  x.aiinirii.carboninfosys.controller.UserController - login user: UserLoginParam(username=admin, password=admin)
2021-05-10 19:31:11.731 [http-nio-8080-exec-8] INFO  x.a.c.s.component.JwtAuthenticationTokenFilter - checking username:admin
2021-05-10 19:31:11.739 [http-nio-8080-exec-8] INFO  x.a.c.s.component.JwtAuthenticationTokenFilter - authenticated user:admin
2021-05-10 19:31:11.754 [http-nio-8080-exec-7] INFO  x.a.c.s.component.JwtAuthenticationTokenFilter - checking username:admin
2021-05-10 19:31:11.764 [http-nio-8080-exec-7] INFO  x.a.c.s.component.JwtAuthenticationTokenFilter - authenticated user:admin
2021-05-10 19:32:45.483 [http-nio-8080-exec-9] INFO  x.a.c.s.component.JwtAuthenticationTokenFilter - checking username:admin
2021-05-10 19:32:45.493 [http-nio-8080-exec-9] INFO  x.a.c.s.component.JwtAuthenticationTokenFilter - authenticated user:admin
2021-05-10 19:32:45.531 [http-nio-8080-exec-10] INFO  x.a.c.s.component.JwtAuthenticationTokenFilter - checking username:admin
2021-05-10 19:32:45.541 [http-nio-8080-exec-10] INFO  x.a.c.s.component.JwtAuthenticationTokenFilter - authenticated user:admin
2021-05-10 19:34:14.901 [http-nio-8080-exec-6] INFO  x.a.c.s.component.JwtAuthenticationTokenFilter - checking username:admin
2021-05-10 19:34:14.902 [http-nio-8080-exec-10] INFO  x.a.c.s.component.JwtAuthenticationTokenFilter - checking username:admin
2021-05-10 19:34:14.902 [http-nio-8080-exec-9] INFO  x.a.c.s.component.JwtAuthenticationTokenFilter - checking username:admin
2021-05-10 19:34:14.905 [http-nio-8080-exec-1] INFO  x.a.c.s.component.JwtAuthenticationTokenFilter - checking username:admin
2021-05-10 19:34:14.905 [http-nio-8080-exec-7] INFO  x.a.c.s.component.JwtAuthenticationTokenFilter - checking username:admin
2021-05-10 19:34:14.915 [http-nio-8080-exec-6] INFO  x.a.c.s.component.JwtAuthenticationTokenFilter - authenticated user:admin
2021-05-10 19:34:14.915 [http-nio-8080-exec-7] INFO  x.a.c.s.component.JwtAuthenticationTokenFilter - authenticated user:admin
2021-05-10 19:34:14.915 [http-nio-8080-exec-10] INFO  x.a.c.s.component.JwtAuthenticationTokenFilter - authenticated user:admin
2021-05-10 19:34:14.915 [http-nio-8080-exec-1] INFO  x.a.c.s.component.JwtAuthenticationTokenFilter - authenticated user:admin
2021-05-10 19:34:14.915 [http-nio-8080-exec-9] INFO  x.a.c.s.component.JwtAuthenticationTokenFilter - authenticated user:admin
2021-05-10 19:34:15.677 [http-nio-8080-exec-8] INFO  x.a.c.s.component.JwtAuthenticationTokenFilter - checking username:admin
2021-05-10 19:34:15.691 [http-nio-8080-exec-8] INFO  x.a.c.s.component.JwtAuthenticationTokenFilter - authenticated user:admin
2021-05-10 19:42:54.866 [http-nio-8080-exec-3] INFO  x.a.c.s.component.JwtAuthenticationTokenFilter - checking username:admin
2021-05-10 19:42:54.866 [http-nio-8080-exec-1] INFO  x.a.c.s.component.JwtAuthenticationTokenFilter - checking username:admin
2021-05-10 19:42:54.866 [http-nio-8080-exec-7] INFO  x.a.c.s.component.JwtAuthenticationTokenFilter - checking username:admin
2021-05-10 19:42:54.869 [http-nio-8080-exec-4] INFO  x.a.c.s.component.JwtAuthenticationTokenFilter - checking username:admin
2021-05-10 19:42:54.869 [http-nio-8080-exec-5] INFO  x.a.c.s.component.JwtAuthenticationTokenFilter - checking username:admin
2021-05-10 19:42:59.978 [http-nio-8080-exec-8] INFO  x.a.c.s.component.JwtAuthenticationTokenFilter - checking username:admin
2021-05-10 19:43:06.074 [http-nio-8080-exec-6] INFO  x.a.c.s.component.JwtAuthenticationTokenFilter - checking username:admin
2021-05-10 19:43:09.942 [http-nio-8080-exec-9] INFO  x.a.c.s.component.JwtAuthenticationTokenFilter - checking username:admin
2021-05-10 19:43:13.887 [lettuce-eventExecutorLoop-1-12] INFO  io.lettuce.core.protocol.ConnectionWatchdog - Reconnecting, last destination was /8.140.159.241:6379
2021-05-10 19:43:13.913 [lettuce-nioEventLoop-4-6] INFO  io.lettuce.core.protocol.ReconnectionHandler - Reconnected to 8.140.159.241:6379
2021-05-10 19:43:13.920 [http-nio-8080-exec-9] INFO  x.a.c.s.component.JwtAuthenticationTokenFilter - authenticated user:admin
2021-05-10 19:43:14.299 [http-nio-8080-exec-10] INFO  x.a.c.s.component.JwtAuthenticationTokenFilter - checking username:admin
2021-05-10 19:43:14.307 [http-nio-8080-exec-10] INFO  x.a.c.s.component.JwtAuthenticationTokenFilter - authenticated user:admin
2021-05-10 19:43:14.409 [http-nio-8080-exec-1] INFO  x.a.c.s.component.JwtAuthenticationTokenFilter - checking username:admin
2021-05-10 19:43:14.417 [http-nio-8080-exec-1] INFO  x.a.c.s.component.JwtAuthenticationTokenFilter - authenticated user:admin
2021-05-10 19:43:17.096 [http-nio-8080-exec-7] INFO  x.a.c.s.component.JwtAuthenticationTokenFilter - checking username:admin
2021-05-10 19:43:17.098 [http-nio-8080-exec-5] INFO  x.a.c.s.component.JwtAuthenticationTokenFilter - checking username:admin
2021-05-10 19:43:17.098 [http-nio-8080-exec-4] INFO  x.a.c.s.component.JwtAuthenticationTokenFilter - checking username:admin
2021-05-10 19:43:17.100 [http-nio-8080-exec-3] INFO  x.a.c.s.component.JwtAuthenticationTokenFilter - checking username:admin
2021-05-10 19:43:17.100 [http-nio-8080-exec-8] INFO  x.a.c.s.component.JwtAuthenticationTokenFilter - checking username:admin
2021-05-10 19:43:17.105 [http-nio-8080-exec-7] INFO  x.a.c.s.component.JwtAuthenticationTokenFilter - authenticated user:admin
2021-05-10 19:43:17.105 [http-nio-8080-exec-4] INFO  x.a.c.s.component.JwtAuthenticationTokenFilter - authenticated user:admin
2021-05-10 19:43:17.105 [http-nio-8080-exec-5] INFO  x.a.c.s.component.JwtAuthenticationTokenFilter - authenticated user:admin
2021-05-10 19:43:17.112 [http-nio-8080-exec-8] INFO  x.a.c.s.component.JwtAuthenticationTokenFilter - authenticated user:admin
2021-05-10 19:43:17.112 [http-nio-8080-exec-3] INFO  x.a.c.s.component.JwtAuthenticationTokenFilter - authenticated user:admin
2021-05-10 19:43:17.467 [http-nio-8080-exec-2] INFO  x.a.c.s.component.JwtAuthenticationTokenFilter - checking username:admin
2021-05-10 19:43:17.474 [http-nio-8080-exec-2] INFO  x.a.c.s.component.JwtAuthenticationTokenFilter - authenticated user:admin
2021-05-10 19:43:19.120 [http-nio-8080-exec-6] INFO  x.a.c.s.component.JwtAuthenticationTokenFilter - checking username:admin
2021-05-10 19:43:19.125 [http-nio-8080-exec-6] INFO  x.a.c.s.component.JwtAuthenticationTokenFilter - authenticated user:admin
2021-05-10 19:43:53.444 [http-nio-8080-exec-10] INFO  x.a.c.s.component.JwtAuthenticationTokenFilter - checking username:admin
2021-05-10 19:43:53.450 [http-nio-8080-exec-10] INFO  x.a.c.s.component.JwtAuthenticationTokenFilter - authenticated user:admin
2021-05-10 19:43:56.997 [http-nio-8080-exec-1] INFO  x.a.c.s.component.JwtAuthenticationTokenFilter - checking username:admin
2021-05-10 19:43:57.005 [http-nio-8080-exec-1] INFO  x.a.c.s.component.JwtAuthenticationTokenFilter - authenticated user:admin
2021-05-10 19:44:04.180 [http-nio-8080-exec-4] INFO  x.a.c.s.component.JwtAuthenticationTokenFilter - checking username:admin
2021-05-10 19:44:04.180 [http-nio-8080-exec-2] INFO  x.a.c.s.component.JwtAuthenticationTokenFilter - checking username:admin
2021-05-10 19:44:04.188 [http-nio-8080-exec-2] INFO  x.a.c.s.component.JwtAuthenticationTokenFilter - authenticated user:admin
2021-05-10 19:44:04.188 [http-nio-8080-exec-4] INFO  x.a.c.s.component.JwtAuthenticationTokenFilter - authenticated user:admin
2021-05-10 19:44:04.248 [http-nio-8080-exec-5] INFO  x.a.c.s.component.JwtAuthenticationTokenFilter - checking username:admin
2021-05-10 19:44:04.255 [http-nio-8080-exec-5] INFO  x.a.c.s.component.JwtAuthenticationTokenFilter - authenticated user:admin
2021-05-10 19:44:07.540 [http-nio-8080-exec-9] INFO  x.a.c.s.component.JwtAuthenticationTokenFilter - checking username:admin
2021-05-10 19:44:07.547 [http-nio-8080-exec-9] INFO  x.a.c.s.component.JwtAuthenticationTokenFilter - authenticated user:admin
2021-05-10 19:44:12.915 [http-nio-8080-exec-1] INFO  x.a.c.s.component.JwtAuthenticationTokenFilter - checking username:admin
2021-05-10 19:44:12.923 [http-nio-8080-exec-1] INFO  x.a.c.s.component.JwtAuthenticationTokenFilter - authenticated user:admin
2021-05-10 19:44:15.053 [http-nio-8080-exec-8] INFO  x.a.c.s.component.JwtAuthenticationTokenFilter - checking username:admin
2021-05-10 19:44:15.058 [http-nio-8080-exec-8] INFO  x.a.c.s.component.JwtAuthenticationTokenFilter - authenticated user:admin
2021-05-10 19:44:34.407 [http-nio-8080-exec-3] INFO  x.a.c.s.component.JwtAuthenticationTokenFilter - checking username:admin
2021-05-10 19:44:34.410 [http-nio-8080-exec-2] INFO  x.a.c.s.component.JwtAuthenticationTokenFilter - checking username:admin
2021-05-10 19:44:34.410 [http-nio-8080-exec-4] INFO  x.a.c.s.component.JwtAuthenticationTokenFilter - checking username:admin
2021-05-10 19:44:34.410 [http-nio-8080-exec-7] INFO  x.a.c.s.component.JwtAuthenticationTokenFilter - checking username:admin
2021-05-10 19:44:34.415 [http-nio-8080-exec-3] INFO  x.a.c.s.component.JwtAuthenticationTokenFilter - authenticated user:admin
2021-05-10 19:44:34.417 [http-nio-8080-exec-2] INFO  x.a.c.s.component.JwtAuthenticationTokenFilter - authenticated user:admin
2021-05-10 19:44:34.417 [http-nio-8080-exec-4] INFO  x.a.c.s.component.JwtAuthenticationTokenFilter - authenticated user:admin
2021-05-10 19:44:34.421 [http-nio-8080-exec-7] INFO  x.a.c.s.component.JwtAuthenticationTokenFilter - authenticated user:admin
2021-05-10 19:44:34.927 [http-nio-8080-exec-5] INFO  x.a.c.s.component.JwtAuthenticationTokenFilter - checking username:admin
2021-05-10 19:44:34.935 [http-nio-8080-exec-5] INFO  x.a.c.s.component.JwtAuthenticationTokenFilter - authenticated user:admin
2021-05-10 19:44:35.375 [http-nio-8080-exec-9] INFO  x.a.c.s.component.JwtAuthenticationTokenFilter - checking username:admin
2021-05-10 19:44:35.383 [http-nio-8080-exec-9] INFO  x.a.c.s.component.JwtAuthenticationTokenFilter - authenticated user:admin
2021-05-10 19:44:35.829 [http-nio-8080-exec-10] INFO  x.a.c.s.component.JwtAuthenticationTokenFilter - checking username:admin
2021-05-10 19:44:35.841 [http-nio-8080-exec-10] INFO  x.a.c.s.component.JwtAuthenticationTokenFilter - authenticated user:admin
2021-05-10 19:44:36.290 [http-nio-8080-exec-6] INFO  x.a.c.s.component.JwtAuthenticationTokenFilter - checking username:admin
2021-05-10 19:44:36.297 [http-nio-8080-exec-6] INFO  x.a.c.s.component.JwtAuthenticationTokenFilter - authenticated user:admin
2021-05-10 19:44:36.644 [http-nio-8080-exec-8] INFO  x.a.c.s.component.JwtAuthenticationTokenFilter - checking username:admin
2021-05-10 19:44:36.650 [http-nio-8080-exec-8] INFO  x.a.c.s.component.JwtAuthenticationTokenFilter - authenticated user:admin
2021-05-10 19:44:36.754 [http-nio-8080-exec-2] INFO  x.a.c.s.component.JwtAuthenticationTokenFilter - checking username:admin
2021-05-10 19:44:36.771 [http-nio-8080-exec-2] INFO  x.a.c.s.component.JwtAuthenticationTokenFilter - authenticated user:admin
2021-05-10 19:44:37.224 [http-nio-8080-exec-3] INFO  x.a.c.s.component.JwtAuthenticationTokenFilter - checking username:admin
2021-05-10 19:44:37.231 [http-nio-8080-exec-3] INFO  x.a.c.s.component.JwtAuthenticationTokenFilter - authenticated user:admin
2021-05-10 19:44:37.682 [http-nio-8080-exec-7] INFO  x.a.c.s.component.JwtAuthenticationTokenFilter - checking username:admin
2021-05-10 19:44:37.691 [http-nio-8080-exec-7] INFO  x.a.c.s.component.JwtAuthenticationTokenFilter - authenticated user:admin
2021-05-10 19:44:39.898 [http-nio-8080-exec-4] INFO  x.a.c.s.component.JwtAuthenticationTokenFilter - checking username:admin
2021-05-10 19:44:39.904 [http-nio-8080-exec-4] INFO  x.a.c.s.component.JwtAuthenticationTokenFilter - authenticated user:admin
2021-05-10 19:44:43.785 [http-nio-8080-exec-5] INFO  x.a.c.s.component.JwtAuthenticationTokenFilter - checking username:admin
2021-05-10 19:44:43.792 [http-nio-8080-exec-5] INFO  x.a.c.s.component.JwtAuthenticationTokenFilter - authenticated user:admin
2021-05-10 19:44:50.013 [http-nio-8080-exec-9] INFO  x.a.c.s.component.JwtAuthenticationTokenFilter - checking username:admin
2021-05-10 19:44:50.021 [http-nio-8080-exec-9] INFO  x.a.c.s.component.JwtAuthenticationTokenFilter - authenticated user:admin
2021-05-10 19:45:09.083 [http-nio-8080-exec-8] INFO  x.a.c.s.component.JwtAuthenticationTokenFilter - checking username:admin
2021-05-10 19:45:09.092 [http-nio-8080-exec-8] INFO  x.a.c.s.component.JwtAuthenticationTokenFilter - authenticated user:admin
2021-05-10 19:45:09.261 [http-nio-8080-exec-2] INFO  x.a.c.s.component.JwtAuthenticationTokenFilter - checking username:admin
2021-05-10 19:45:09.268 [http-nio-8080-exec-2] INFO  x.a.c.s.component.JwtAuthenticationTokenFilter - authenticated user:admin
2021-05-10 19:45:09.337 [http-nio-8080-exec-2] INFO  x.a.c.s.component.JwtAuthenticationTokenFilter - checking username:admin
2021-05-10 19:45:09.346 [http-nio-8080-exec-2] INFO  x.a.c.s.component.JwtAuthenticationTokenFilter - authenticated user:admin
2021-05-10 19:47:17.357 [http-nio-8080-exec-9] INFO  x.a.c.s.component.JwtAuthenticationTokenFilter - checking username:admin
2021-05-10 19:47:17.357 [http-nio-8080-exec-5] INFO  x.a.c.s.component.JwtAuthenticationTokenFilter - checking username:admin
2021-05-10 19:47:17.358 [http-nio-8080-exec-6] INFO  x.a.c.s.component.JwtAuthenticationTokenFilter - checking username:admin
2021-05-10 19:47:17.358 [http-nio-8080-exec-1] INFO  x.a.c.s.component.JwtAuthenticationTokenFilter - checking username:admin
2021-05-10 19:47:17.364 [http-nio-8080-exec-5] INFO  x.a.c.s.component.JwtAuthenticationTokenFilter - authenticated user:admin
2021-05-10 19:47:17.364 [http-nio-8080-exec-9] INFO  x.a.c.s.component.JwtAuthenticationTokenFilter - authenticated user:admin
2021-05-10 19:47:17.367 [http-nio-8080-exec-6] INFO  x.a.c.s.component.JwtAuthenticationTokenFilter - authenticated user:admin
2021-05-10 19:47:17.367 [http-nio-8080-exec-1] INFO  x.a.c.s.component.JwtAuthenticationTokenFilter - authenticated user:admin
2021-05-10 19:47:17.434 [http-nio-8080-exec-9] INFO  x.a.c.s.component.JwtAuthenticationTokenFilter - checking username:admin
2021-05-10 19:47:17.441 [http-nio-8080-exec-9] INFO  x.a.c.s.component.JwtAuthenticationTokenFilter - authenticated user:admin
2021-05-10 19:47:17.480 [http-nio-8080-exec-2] INFO  x.a.c.s.component.JwtAuthenticationTokenFilter - checking username:admin
2021-05-10 19:47:17.487 [http-nio-8080-exec-2] INFO  x.a.c.s.component.JwtAuthenticationTokenFilter - authenticated user:admin
2021-05-10 19:47:19.893 [http-nio-8080-exec-7] INFO  x.a.c.s.component.JwtAuthenticationTokenFilter - checking username:admin
2021-05-10 19:47:19.902 [http-nio-8080-exec-7] INFO  x.a.c.s.component.JwtAuthenticationTokenFilter - authenticated user:admin
2021-05-10 19:47:19.916 [http-nio-8080-exec-5] INFO  x.a.c.s.component.JwtAuthenticationTokenFilter - checking username:admin
2021-05-10 19:47:19.923 [http-nio-8080-exec-5] INFO  x.a.c.s.component.JwtAuthenticationTokenFilter - authenticated user:admin
2021-05-10 19:47:19.934 [http-nio-8080-exec-1] INFO  x.a.c.s.component.JwtAuthenticationTokenFilter - checking username:admin
2021-05-10 19:47:19.940 [http-nio-8080-exec-1] INFO  x.a.c.s.component.JwtAuthenticationTokenFilter - authenticated user:admin
2021-05-10 19:47:36.091 [http-nio-8080-exec-10] INFO  x.a.c.s.component.JwtAuthenticationTokenFilter - checking username:admin
2021-05-10 19:47:36.100 [http-nio-8080-exec-10] INFO  x.a.c.s.component.JwtAuthenticationTokenFilter - authenticated user:admin
2021-05-10 19:47:39.141 [http-nio-8080-exec-2] INFO  x.a.c.s.component.JwtAuthenticationTokenFilter - checking username:admin
2021-05-10 19:47:39.161 [http-nio-8080-exec-2] INFO  x.a.c.s.component.JwtAuthenticationTokenFilter - authenticated user:admin
2021-05-10 19:47:45.037 [http-nio-8080-exec-8] INFO  x.a.c.s.component.JwtAuthenticationTokenFilter - checking username:admin
2021-05-10 19:47:45.040 [http-nio-8080-exec-4] INFO  x.a.c.s.component.JwtAuthenticationTokenFilter - checking username:admin
2021-05-10 19:47:45.043 [http-nio-8080-exec-3] INFO  x.a.c.s.component.JwtAuthenticationTokenFilter - checking username:admin
2021-05-10 19:47:45.044 [http-nio-8080-exec-8] INFO  x.a.c.s.component.JwtAuthenticationTokenFilter - authenticated user:admin
2021-05-10 19:47:45.046 [http-nio-8080-exec-7] INFO  x.a.c.s.component.JwtAuthenticationTokenFilter - checking username:admin
2021-05-10 19:47:45.046 [http-nio-8080-exec-4] INFO  x.a.c.s.component.JwtAuthenticationTokenFilter - authenticated user:admin
2021-05-10 19:47:45.049 [http-nio-8080-exec-3] INFO  x.a.c.s.component.JwtAuthenticationTokenFilter - authenticated user:admin
2021-05-10 19:47:45.054 [http-nio-8080-exec-7] INFO  x.a.c.s.component.JwtAuthenticationTokenFilter - authenticated user:admin
2021-05-10 19:47:45.543 [http-nio-8080-exec-5] INFO  x.a.c.s.component.JwtAuthenticationTokenFilter - checking username:admin
2021-05-10 19:47:45.550 [http-nio-8080-exec-5] INFO  x.a.c.s.component.JwtAuthenticationTokenFilter - authenticated user:admin
2021-05-10 19:47:46.005 [http-nio-8080-exec-1] INFO  x.a.c.s.component.JwtAuthenticationTokenFilter - checking username:admin
2021-05-10 19:47:46.012 [http-nio-8080-exec-1] INFO  x.a.c.s.component.JwtAuthenticationTokenFilter - authenticated user:admin
2021-05-10 19:47:46.471 [http-nio-8080-exec-6] INFO  x.a.c.s.component.JwtAuthenticationTokenFilter - checking username:admin
2021-05-10 19:47:46.477 [http-nio-8080-exec-6] INFO  x.a.c.s.component.JwtAuthenticationTokenFilter - authenticated user:admin
2021-05-10 19:47:46.967 [http-nio-8080-exec-10] INFO  x.a.c.s.component.JwtAuthenticationTokenFilter - checking username:admin
2021-05-10 19:47:46.974 [http-nio-8080-exec-10] INFO  x.a.c.s.component.JwtAuthenticationTokenFilter - authenticated user:admin
2021-05-10 19:47:47.456 [http-nio-8080-exec-9] INFO  x.a.c.s.component.JwtAuthenticationTokenFilter - checking username:admin
2021-05-10 19:47:47.463 [http-nio-8080-exec-9] INFO  x.a.c.s.component.JwtAuthenticationTokenFilter - authenticated user:admin
2021-05-10 19:47:47.581 [http-nio-8080-exec-2] INFO  x.a.c.s.component.JwtAuthenticationTokenFilter - checking username:admin
2021-05-10 19:47:47.589 [http-nio-8080-exec-2] INFO  x.a.c.s.component.JwtAuthenticationTokenFilter - authenticated user:admin
2021-05-10 19:47:47.669 [http-nio-8080-exec-3] INFO  x.a.c.s.component.JwtAuthenticationTokenFilter - checking username:admin
2021-05-10 19:47:47.676 [http-nio-8080-exec-3] INFO  x.a.c.s.component.JwtAuthenticationTokenFilter - authenticated user:admin
2021-05-10 19:47:47.758 [http-nio-8080-exec-4] INFO  x.a.c.s.component.JwtAuthenticationTokenFilter - checking username:admin
2021-05-10 19:47:47.764 [http-nio-8080-exec-4] INFO  x.a.c.s.component.JwtAuthenticationTokenFilter - authenticated user:admin
2021-05-10 19:47:47.967 [http-nio-8080-exec-7] INFO  x.a.c.s.component.JwtAuthenticationTokenFilter - checking username:admin
2021-05-10 19:47:47.972 [http-nio-8080-exec-7] INFO  x.a.c.s.component.JwtAuthenticationTokenFilter - authenticated user:admin
2021-05-10 19:47:48.446 [http-nio-8080-exec-8] INFO  x.a.c.s.component.JwtAuthenticationTokenFilter - checking username:admin
2021-05-10 19:47:48.453 [http-nio-8080-exec-8] INFO  x.a.c.s.component.JwtAuthenticationTokenFilter - authenticated user:admin
2021-05-10 19:47:49.882 [http-nio-8080-exec-1] INFO  x.a.c.s.component.JwtAuthenticationTokenFilter - checking username:admin
2021-05-10 19:47:49.913 [http-nio-8080-exec-1] INFO  x.a.c.s.component.JwtAuthenticationTokenFilter - authenticated user:admin
2021-05-10 19:51:46.811 [http-nio-8080-exec-7] INFO  x.a.c.s.component.JwtAuthenticationTokenFilter - checking username:admin
2021-05-10 19:51:46.814 [http-nio-8080-exec-8] INFO  x.a.c.s.component.JwtAuthenticationTokenFilter - checking username:admin
2021-05-10 19:51:46.818 [http-nio-8080-exec-1] INFO  x.a.c.s.component.JwtAuthenticationTokenFilter - checking username:admin
2021-05-10 19:51:46.818 [http-nio-8080-exec-5] INFO  x.a.c.s.component.JwtAuthenticationTokenFilter - checking username:admin
2021-05-10 19:51:46.822 [http-nio-8080-exec-7] INFO  x.a.c.s.component.JwtAuthenticationTokenFilter - authenticated user:admin
2021-05-10 19:51:46.823 [http-nio-8080-exec-8] INFO  x.a.c.s.component.JwtAuthenticationTokenFilter - authenticated user:admin
2021-05-10 19:51:46.824 [http-nio-8080-exec-5] INFO  x.a.c.s.component.JwtAuthenticationTokenFilter - authenticated user:admin
2021-05-10 19:51:46.824 [http-nio-8080-exec-1] INFO  x.a.c.s.component.JwtAuthenticationTokenFilter - authenticated user:admin
2021-05-10 19:51:47.314 [http-nio-8080-exec-6] INFO  x.a.c.s.component.JwtAuthenticationTokenFilter - checking username:admin
2021-05-10 19:51:47.320 [http-nio-8080-exec-6] INFO  x.a.c.s.component.JwtAuthenticationTokenFilter - authenticated user:admin
2021-05-10 19:51:47.805 [http-nio-8080-exec-2] INFO  x.a.c.s.component.JwtAuthenticationTokenFilter - checking username:admin
2021-05-10 19:51:47.812 [http-nio-8080-exec-2] INFO  x.a.c.s.component.JwtAuthenticationTokenFilter - authenticated user:admin
2021-05-10 19:51:48.272 [http-nio-8080-exec-10] INFO  x.a.c.s.component.JwtAuthenticationTokenFilter - checking username:admin
2021-05-10 19:51:48.282 [http-nio-8080-exec-10] INFO  x.a.c.s.component.JwtAuthenticationTokenFilter - authenticated user:admin
2021-05-10 19:51:48.734 [http-nio-8080-exec-4] INFO  x.a.c.s.component.JwtAuthenticationTokenFilter - checking username:admin
2021-05-10 19:51:48.741 [http-nio-8080-exec-4] INFO  x.a.c.s.component.JwtAuthenticationTokenFilter - authenticated user:admin
2021-05-10 19:51:49.194 [http-nio-8080-exec-3] INFO  x.a.c.s.component.JwtAuthenticationTokenFilter - checking username:admin
2021-05-10 19:51:49.211 [http-nio-8080-exec-3] INFO  x.a.c.s.component.JwtAuthenticationTokenFilter - authenticated user:admin
2021-05-10 19:51:49.658 [http-nio-8080-exec-9] INFO  x.a.c.s.component.JwtAuthenticationTokenFilter - checking username:admin
2021-05-10 19:51:49.667 [http-nio-8080-exec-9] INFO  x.a.c.s.component.JwtAuthenticationTokenFilter - authenticated user:admin
2021-05-10 19:51:50.120 [http-nio-8080-exec-5] INFO  x.a.c.s.component.JwtAuthenticationTokenFilter - checking username:admin
2021-05-10 19:51:50.133 [http-nio-8080-exec-5] INFO  x.a.c.s.component.JwtAuthenticationTokenFilter - authenticated user:admin
2021-05-10 19:51:53.996 [http-nio-8080-exec-7] INFO  x.a.c.s.component.JwtAuthenticationTokenFilter - checking username:admin
2021-05-10 19:51:54.003 [http-nio-8080-exec-7] INFO  x.a.c.s.component.JwtAuthenticationTokenFilter - authenticated user:admin
2021-05-10 19:51:54.059 [http-nio-8080-exec-1] INFO  x.a.c.s.component.JwtAuthenticationTokenFilter - checking username:admin
2021-05-10 19:51:54.066 [http-nio-8080-exec-1] INFO  x.a.c.s.component.JwtAuthenticationTokenFilter - authenticated user:admin
2021-05-10 19:51:54.702 [http-nio-8080-exec-2] INFO  x.a.c.s.component.JwtAuthenticationTokenFilter - checking username:admin
2021-05-10 19:51:54.705 [http-nio-8080-exec-4] INFO  x.a.c.s.component.JwtAuthenticationTokenFilter - checking username:admin
2021-05-10 19:51:54.705 [http-nio-8080-exec-10] INFO  x.a.c.s.component.JwtAuthenticationTokenFilter - checking username:admin
2021-05-10 19:51:54.707 [http-nio-8080-exec-3] INFO  x.a.c.s.component.JwtAuthenticationTokenFilter - checking username:admin
2021-05-10 19:51:54.711 [http-nio-8080-exec-2] INFO  x.a.c.s.component.JwtAuthenticationTokenFilter - authenticated user:admin
2021-05-10 19:51:54.714 [http-nio-8080-exec-10] INFO  x.a.c.s.component.JwtAuthenticationTokenFilter - authenticated user:admin
2021-05-10 19:51:54.714 [http-nio-8080-exec-4] INFO  x.a.c.s.component.JwtAuthenticationTokenFilter - authenticated user:admin
2021-05-10 19:51:54.716 [http-nio-8080-exec-3] INFO  x.a.c.s.component.JwtAuthenticationTokenFilter - authenticated user:admin
2021-05-10 19:51:55.202 [http-nio-8080-exec-9] INFO  x.a.c.s.component.JwtAuthenticationTokenFilter - checking username:admin
2021-05-10 19:51:55.209 [http-nio-8080-exec-9] INFO  x.a.c.s.component.JwtAuthenticationTokenFilter - authenticated user:admin
2021-05-10 19:51:55.656 [http-nio-8080-exec-5] INFO  x.a.c.s.component.JwtAuthenticationTokenFilter - checking username:admin
2021-05-10 19:51:55.668 [http-nio-8080-exec-5] INFO  x.a.c.s.component.JwtAuthenticationTokenFilter - authenticated user:admin
2021-05-10 19:51:56.143 [http-nio-8080-exec-8] INFO  x.a.c.s.component.JwtAuthenticationTokenFilter - checking username:admin
2021-05-10 19:51:56.151 [http-nio-8080-exec-8] INFO  x.a.c.s.component.JwtAuthenticationTokenFilter - authenticated user:admin
2021-05-10 19:51:56.664 [http-nio-8080-exec-7] INFO  x.a.c.s.component.JwtAuthenticationTokenFilter - checking username:admin
2021-05-10 19:51:56.673 [http-nio-8080-exec-7] INFO  x.a.c.s.component.JwtAuthenticationTokenFilter - authenticated user:admin
2021-05-10 19:51:57.170 [http-nio-8080-exec-6] INFO  x.a.c.s.component.JwtAuthenticationTokenFilter - checking username:admin
2021-05-10 19:51:57.175 [http-nio-8080-exec-6] INFO  x.a.c.s.component.JwtAuthenticationTokenFilter - authenticated user:admin
2021-05-10 19:51:57.517 [http-nio-8080-exec-7] INFO  x.a.c.s.component.JwtAuthenticationTokenFilter - checking username:admin
2021-05-10 19:51:57.524 [http-nio-8080-exec-7] INFO  x.a.c.s.component.JwtAuthenticationTokenFilter - authenticated user:admin
2021-05-10 19:51:57.536 [http-nio-8080-exec-1] INFO  x.a.c.s.component.JwtAuthenticationTokenFilter - checking username:admin
2021-05-10 19:51:57.544 [http-nio-8080-exec-1] INFO  x.a.c.s.component.JwtAuthenticationTokenFilter - authenticated user:admin
2021-05-10 19:51:57.555 [http-nio-8080-exec-4] INFO  x.a.c.s.component.JwtAuthenticationTokenFilter - checking username:admin
2021-05-10 19:51:57.563 [http-nio-8080-exec-4] INFO  x.a.c.s.component.JwtAuthenticationTokenFilter - authenticated user:admin
2021-05-10 19:51:57.574 [http-nio-8080-exec-3] INFO  x.a.c.s.component.JwtAuthenticationTokenFilter - checking username:admin
2021-05-10 19:51:57.580 [http-nio-8080-exec-3] INFO  x.a.c.s.component.JwtAuthenticationTokenFilter - authenticated user:admin
2021-05-10 19:51:57.593 [http-nio-8080-exec-3] INFO  x.a.c.s.component.JwtAuthenticationTokenFilter - checking username:admin
2021-05-10 19:51:57.599 [http-nio-8080-exec-3] INFO  x.a.c.s.component.JwtAuthenticationTokenFilter - authenticated user:admin
2021-05-10 19:51:57.612 [http-nio-8080-exec-2] INFO  x.a.c.s.component.JwtAuthenticationTokenFilter - checking username:admin
2021-05-10 19:51:57.618 [http-nio-8080-exec-2] INFO  x.a.c.s.component.JwtAuthenticationTokenFilter - authenticated user:admin
2021-05-10 19:51:57.630 [http-nio-8080-exec-5] INFO  x.a.c.s.component.JwtAuthenticationTokenFilter - checking username:admin
2021-05-10 19:51:57.636 [http-nio-8080-exec-5] INFO  x.a.c.s.component.JwtAuthenticationTokenFilter - authenticated user:admin
2021-05-10 19:51:57.647 [http-nio-8080-exec-9] INFO  x.a.c.s.component.JwtAuthenticationTokenFilter - checking username:admin
2021-05-10 19:51:57.654 [http-nio-8080-exec-9] INFO  x.a.c.s.component.JwtAuthenticationTokenFilter - authenticated user:admin
2021-05-10 19:51:57.659 [http-nio-8080-exec-8] INFO  x.a.c.s.component.JwtAuthenticationTokenFilter - checking username:admin
2021-05-10 19:51:57.665 [http-nio-8080-exec-8] INFO  x.a.c.s.component.JwtAuthenticationTokenFilter - authenticated user:admin
2021-05-10 19:51:58.114 [http-nio-8080-exec-7] INFO  x.a.c.s.component.JwtAuthenticationTokenFilter - checking username:admin
2021-05-10 19:51:58.123 [http-nio-8080-exec-7] INFO  x.a.c.s.component.JwtAuthenticationTokenFilter - authenticated user:admin
2021-05-10 19:51:59.538 [http-nio-8080-exec-4] INFO  x.a.c.s.component.JwtAuthenticationTokenFilter - checking username:admin
2021-05-10 19:51:59.546 [http-nio-8080-exec-4] INFO  x.a.c.s.component.JwtAuthenticationTokenFilter - authenticated user:admin
2021-05-10 19:52:02.902 [http-nio-8080-exec-10] INFO  x.a.c.s.component.JwtAuthenticationTokenFilter - checking username:admin
2021-05-10 19:52:02.920 [http-nio-8080-exec-10] INFO  x.a.c.s.component.JwtAuthenticationTokenFilter - authenticated user:admin
2021-05-10 19:52:05.357 [http-nio-8080-exec-3] INFO  x.a.c.s.component.JwtAuthenticationTokenFilter - checking username:admin
2021-05-10 19:52:05.363 [http-nio-8080-exec-3] INFO  x.a.c.s.component.JwtAuthenticationTokenFilter - authenticated user:admin
